1) Укажите отличия между PHP 5.6 и 7, которые помните (как можно больше). Какие из них Вы считаете важными и удобными?

Увеличена производительность PHP-7 относительно PHP-5.6
Добавлен оператор ??,
$val = $value ?? 'default;

Добавлен оператор <=>
$val1 <=> $val2 ; 1 (слева больше), 0, -1 (справа больше)

Добавлен typehinting
function (int $val1): int
{
    // Code
}

Добавлены анонимные классы
new class {
    public function info()
    {
        //Code;
    }
}

2) Чем отличается __autoload от spl_autoload_register?
 spl_autoload_register - регистрирует очередь из функций автозагрузки, позволяет создать из несколько

__autoload - функция определяющая автозагрузку класса
реализует только один метод

3) Что такое ECMAScript? Чем он отличается от JavaScript?
Это одно и тоже. ECMAScript - официальное название. JavaScript - обиходное.

4) Какие типы БД Вы знаете? Приведите примеры.
    Реляционные - MySQL, Oracle SQL, MS SQL;
    Документо-ориентированные (NoSQL) - MongoDB;
    Объектно-ориентированные - PostgreSQL;

5) Для чего нужны составные индексы в БД?
    Для уменьшения количества используемых полей таблицы.

6) Практическая задача.
Спроектируйте систему новостной ленты по нижеуказанным требованиям.
    Нужно: создать схему БД, указать необходимые индексы, перечислить необходимый стек технологий.
    Лента новостей выводится от самой новой новости к более старым по убыванию.
    Каждая новость имеет ленту комментариев.
    Лента комментариев выводится от самого старого комментария по возрастанию.
    И лента новостей, и лента комментариев имеют функционал пагинации – новости по 10 единиц, комментарии – по 25.
    Комментарии могут оставлять только авторизованные пользователи.
    И новостей, и комментариев может быть очень много.

PHP Yii2, MySQL

utf8mb4 utf8mb4_unicode Engine = InnoDB

news_table
id INT(11) Primary Key Not Null Auto_icrement
news_body TEXT()
status INT(1)
comment_id INT(11)
created_at INT(11)
updated_at INT(11)
Forein Key (comment_id) References comments_table (id)
Index comment_id

comments_table
id INT(11) Primary Key Not Null Auto_icrement
comment_body Varchar()
user_id INT(11)
created_at INT(11)
updated_at INT(11)
Forein Key (user_id) References users_table (id)
Index user_id

users_table
id INT(11) Primary Key Not Null Auto_icrement
email Varchar()
password Varchar()
created_at INT(11)
updated_at INT(11)
Unique email
Index email


7) * Усложнение задачи номер 6.
    a. Напишите запрос, который будет отвечать за пагинацию новостей или комментариев.

    SELECT *
    FROM news_table n
    WHERE n.status = 1
    ORDER BY n.created_at DESC
    LIMIT 10 0
    ;

    b. Где лучше сортировать выводимые данные – на уровне БД или на уровне логики? Почему?
    Cортировать выводимые данные лучше на уровне логики - гибкости и скорости.

    c. Сверстайте прототип ленты новостей (без поддержки логики, с AJAX-заглушками).

8) ** Вам нужно организовать хранение большого списка файлов в системе CentOS. Как вы организуете структуру директорий?
